<?xml version="1.0" encoding="UTF-8"?>
<testsuite xmlns:xsi="http://www.w3.org/2001/XMLSchema-instance" xsi:schemaLocation="https://maven.apache.org/surefire/maven-surefire-plugin/xsd/surefire-test-report.xsd" name="org.simplity.service.test.ActionsWithDBIT" time="3.03" tests="2" errors="2" skipped="0" failures="0">
  <properties>
    <property name="java.runtime.name" value="Java(TM) SE Runtime Environment"/>
    <property name="sun.boot.library.path" value="C:\Program Files\Java\jdk1.8.0_60\jre\bin"/>
    <property name="java.vm.version" value="25.60-b23"/>
    <property name="java.vm.vendor" value="Oracle Corporation"/>
    <property name="maven.multiModuleProjectDirectory" value="D:\workspace\simplity\kernel"/>
    <property name="java.vendor.url" value="http://java.oracle.com/"/>
    <property name="path.separator" value=";"/>
    <property name="guice.disable.misplaced.annotation.check" value="true"/>
    <property name="java.vm.name" value="Java HotSpot(TM) 64-Bit Server VM"/>
    <property name="file.encoding.pkg" value="sun.io"/>
    <property name="user.script" value=""/>
    <property name="user.country" value="US"/>
    <property name="sun.java.launcher" value="SUN_STANDARD"/>
    <property name="sun.os.patch.level" value="Service Pack 1"/>
    <property name="java.vm.specification.name" value="Java Virtual Machine Specification"/>
    <property name="user.dir" value="D:\workspace\simplity\kernel"/>
    <property name="java.runtime.version" value="1.8.0_60-b27"/>
    <property name="java.awt.graphicsenv" value="sun.awt.Win32GraphicsEnvironment"/>
    <property name="java.endorsed.dirs" value="C:\Program Files\Java\jdk1.8.0_60\jre\lib\endorsed"/>
    <property name="os.arch" value="amd64"/>
    <property name="java.io.tmpdir" value="C:\Users\chetana_shanbhag\AppData\Local\Temp\"/>
    <property name="line.separator" value="&#10;"/>
    <property name="java.vm.specification.vendor" value="Oracle Corporation"/>
    <property name="user.variant" value=""/>
    <property name="os.name" value="Windows 7"/>
    <property name="classworlds.conf" value="D:\ProgramFiles\apache-maven-3.3.1\bin\..\bin\m2.conf"/>
    <property name="sun.jnu.encoding" value="Cp1252"/>
    <property name="java.library.path" value="C:\Program Files\Java\jdk1.8.0_60\bin;C:\windows\Sun\Java\bin;C:\windows\system32;C:\windows;C:\tools\ruby23\bin;C:\Program Files\Common Files\Microsoft Shared\Windows Live;C:\Program Files (x86)\Common Files\Microsoft Shared\Windows Live;C:\ProgramData\Oracle\Java\javapath;C:\windows\system32;C:\windows;C:\windows\System32\Wbem;C:\windows\System32\WindowsPowerShell\v1.0\;D:\ProgramFiles\apache-maven-3.3.1\bin\;C:\Program Files\Java\jdk1.8.0_60\bin;D:\ProgramFiles\apache-ant-1.8.2\bin;D:\ProgramFiles\Git\\bin;C:\Program Files\Microsoft\Web Platform Installer\;D:\ProgramFiles\GitTfs-0.24.2;C:\Program Files (x86)\Windows Kits\8.1\Windows Performance Toolkit\;C:\Program Files\Microsoft SQL Server\110\Tools\Binn\;D:\ProgramFiles\nexus-2.3.1-01-bundle\nexus-2.3.1-01;D:\DB\BaseX\bin;D:\ProgramFiles\Git\cmd;D:\ProgramFiles\Gauge\bin;D:\ProgramFiles\CloudFoundry;C:\Program Files (x86)\Windows Live\Shared;D:\ProgramFiles\nodejs\;C:\Program Files (x86)\Paradigma Software\vcomponents_win_vc;C:\Program Files (x86)\QuickTime\QTSystem\;D:\ProgramFiles\HashiCorp\Vagrant\bin;C:\ProgramData\chocolatey\bin;D:\ProgramFiles\DevTools\bin;D:\ProgramFiles\Notepad++;D:\ProgramFiles\Microsoft VS Code\bin;C:\Users\chetana_shanbhag\AppData\Roaming\npm;."/>
    <property name="java.specification.name" value="Java Platform API Specification"/>
    <property name="java.class.version" value="52.0"/>
    <property name="sun.management.compiler" value="HotSpot 64-Bit Tiered Compilers"/>
    <property name="os.version" value="6.1"/>
    <property name="user.home" value="C:\Users\chetana_shanbhag"/>
    <property name="user.timezone" value="Asia/Calcutta"/>
    <property name="java.awt.printerjob" value="sun.awt.windows.WPrinterJob"/>
    <property name="java.specification.version" value="1.8"/>
    <property name="file.encoding" value="Cp1252"/>
    <property name="user.name" value="Chetana_Shanbhag"/>
    <property name="java.class.path" value="D:\ProgramFiles\apache-maven-3.3.1\bin\..\boot\plexus-classworlds-2.5.2.jar"/>
    <property name="java.vm.specification.version" value="1.8"/>
    <property name="sun.arch.data.model" value="64"/>
    <property name="java.home" value="C:\Program Files\Java\jdk1.8.0_60\jre"/>
    <property name="sun.java.command" value="org.codehaus.plexus.classworlds.launcher.Launcher failsafe:integration-test"/>
    <property name="java.specification.vendor" value="Oracle Corporation"/>
    <property name="user.language" value="en"/>
    <property name="awt.toolkit" value="sun.awt.windows.WToolkit"/>
    <property name="java.vm.info" value="mixed mode"/>
    <property name="java.version" value="1.8.0_60"/>
    <property name="java.ext.dirs" value="C:\Program Files\Java\jdk1.8.0_60\jre\lib\ext;C:\windows\Sun\Java\lib\ext"/>
    <property name="sun.boot.class.path" value="C:\Program Files\Java\jdk1.8.0_60\jre\lib\resources.jar;C:\Program Files\Java\jdk1.8.0_60\jre\lib\rt.jar;C:\Program Files\Java\jdk1.8.0_60\jre\lib\sunrsasign.jar;C:\Program Files\Java\jdk1.8.0_60\jre\lib\jsse.jar;C:\Program Files\Java\jdk1.8.0_60\jre\lib\jce.jar;C:\Program Files\Java\jdk1.8.0_60\jre\lib\charsets.jar;C:\Program Files\Java\jdk1.8.0_60\jre\lib\jfr.jar;C:\Program Files\Java\jdk1.8.0_60\jre\classes"/>
    <property name="sun.stderr.encoding" value="cp437"/>
    <property name="java.vendor" value="Oracle Corporation"/>
    <property name="maven.home" value="D:\ProgramFiles\apache-maven-3.3.1\bin\.."/>
    <property name="file.separator" value="\"/>
    <property name="java.vendor.url.bug" value="http://bugreport.sun.com/bugreport/"/>
    <property name="sun.cpu.endian" value="little"/>
    <property name="sun.io.unicode.encoding" value="UnicodeLittle"/>
    <property name="sun.stdout.encoding" value="cp437"/>
    <property name="sun.desktop" value="windows"/>
    <property name="sun.cpu.isalist" value="amd64"/>
  </properties>
  <testcase name="setValueTest" classname="org.simplity.service.test.ActionsWithDBIT" time="1.909">
    <error message="java.net.ConnectException: Connection refused: connect&#10;java.net.ConnectException: Connection refused: connect&#10;Connection refused: connect&#10;" type="org.simplity.kernel.ApplicationError">org.simplity.kernel.ApplicationError: 
java.net.ConnectException: Connection refused: connect
java.net.ConnectException: Connection refused: connect
Connection refused: connect

	at org.simplity.service.test.ActionsWithDBIT.setUp(ActionsWithDBIT.java:94)
</error>
    <system-err><![CDATA[Aug 30, 2016 12:39:26 PM org.simplity.kernel.Tracer trace
INFO: 
component folder set to resources/comp/
Aug 30, 2016 12:39:26 PM org.simplity.kernel.Tracer trace
INFO: 
Going to load a component from resources/comp/applicationWithDB.xml
Aug 30, 2016 12:39:26 PM org.simplity.kernel.Tracer trace
INFO: 
dbVendor is set to HSQLDB
Aug 30, 2016 12:39:26 PM org.simplity.kernel.Tracer trace
INFO: 
Driver class name org.hsqldb.jdbc.JDBCDriver invoked successfully
Aug 30, 2016 12:39:27 PM org.simplity.kernel.Tracer trace
INFO: 
 Database set up using connection string failed after successfully setting the driver jdbc:hsqldb:hsql://localhost/memory:classicmodels
Aug 30, 2016 12:39:27 PM org.simplity.kernel.Tracer trace
INFO: 
java.sql.SQLTransientConnectionException: java.net.ConnectException: Connection refused: connect
	at org.hsqldb.jdbc.JDBCUtil.sqlException(Unknown Source)
	at org.hsqldb.jdbc.JDBCUtil.sqlException(Unknown Source)
	at org.hsqldb.jdbc.JDBCConnection.<init>(Unknown Source)
	at org.hsqldb.jdbc.JDBCDriver.getConnection(Unknown Source)
	at org.hsqldb.jdbc.JDBCDriver.connect(Unknown Source)
	at java.sql.DriverManager.getConnection(DriverManager.java:664)
	at java.sql.DriverManager.getConnection(DriverManager.java:270)
	at org.simplity.kernel.db.DbDriver.setConnection(DbDriver.java:360)
	at org.simplity.kernel.db.DbDriver.initialSetup(DbDriver.java:304)
	at org.simplity.kernel.Application.configure(Application.java:199)
	at org.simplity.service.test.ActionsWithDBIT.setUp(ActionsWithDBIT.java:94)
	at sun.reflect.NativeMethodAccessorImpl.invoke0(Native Method)
	at sun.reflect.NativeMethodAccessorImpl.invoke(NativeMethodAccessorImpl.java:62)
	at sun.reflect.DelegatingMethodAccessorImpl.invoke(DelegatingMethodAccessorImpl.java:43)
	at java.lang.reflect.Method.invoke(Method.java:497)
	at org.junit.runners.model.FrameworkMethod$1.runReflectiveCall(FrameworkMethod.java:45)
	at org.junit.internal.runners.model.ReflectiveCallable.run(ReflectiveCallable.java:15)
	at org.junit.runners.model.FrameworkMethod.invokeExplosively(FrameworkMethod.java:42)
	at org.junit.internal.runners.statements.RunBefores.evaluate(RunBefores.java:27)
	at org.junit.rules.ExpectedException$ExpectedExceptionStatement.evaluate(ExpectedException.java:110)
	at org.junit.rules.RunRules.evaluate(RunRules.java:18)
	at org.junit.runners.ParentRunner.runLeaf(ParentRunner.java:263)
	at org.junit.runners.BlockJUnit4ClassRunner.runChild(BlockJUnit4ClassRunner.java:68)
	at org.junit.runners.BlockJUnit4ClassRunner.runChild(BlockJUnit4ClassRunner.java:47)
	at org.junit.runners.ParentRunner$3.run(ParentRunner.java:231)
	at org.junit.runners.ParentRunner$1.schedule(ParentRunner.java:60)
	at org.junit.runners.ParentRunner.runChildren(ParentRunner.java:229)
	at org.junit.runners.ParentRunner.access$000(ParentRunner.java:50)
	at org.junit.runners.ParentRunner$2.evaluate(ParentRunner.java:222)
	at org.junit.runners.ParentRunner.run(ParentRunner.java:300)
	at org.apache.maven.surefire.junit4.JUnit4Provider.execute(JUnit4Provider.java:367)
	at org.apache.maven.surefire.junit4.JUnit4Provider.executeWithRerun(JUnit4Provider.java:274)
	at org.apache.maven.surefire.junit4.JUnit4Provider.executeTestSet(JUnit4Provider.java:238)
	at org.apache.maven.surefire.junit4.JUnit4Provider.invoke(JUnit4Provider.java:161)
	at org.apache.maven.surefire.booter.ForkedBooter.invokeProviderInSameClassLoader(ForkedBooter.java:290)
	at org.apache.maven.surefire.booter.ForkedBooter.runSuitesInProcess(ForkedBooter.java:242)
	at org.apache.maven.surefire.booter.ForkedBooter.main(ForkedBooter.java:121)
Caused by: org.hsqldb.HsqlException: java.net.ConnectException: Connection refused: connect
	at org.hsqldb.ClientConnection.openConnection(Unknown Source)
	at org.hsqldb.ClientConnection.initConnection(Unknown Source)
	at org.hsqldb.ClientConnection.<init>(Unknown Source)
	... 35 more
Caused by: java.net.ConnectException: Connection refused: connect
	at java.net.DualStackPlainSocketImpl.connect0(Native Method)
	at java.net.DualStackPlainSocketImpl.socketConnect(DualStackPlainSocketImpl.java:79)
	at java.net.AbstractPlainSocketImpl.doConnect(AbstractPlainSocketImpl.java:350)
	at java.net.AbstractPlainSocketImpl.connectToAddress(AbstractPlainSocketImpl.java:206)
	at java.net.AbstractPlainSocketImpl.connect(AbstractPlainSocketImpl.java:188)
	at java.net.PlainSocketImpl.connect(PlainSocketImpl.java:172)
	at java.net.SocksSocketImpl.connect(SocksSocketImpl.java:392)
	at java.net.Socket.connect(Socket.java:589)
	at java.net.Socket.connect(Socket.java:538)
	at java.net.Socket.<init>(Socket.java:434)
	at java.net.Socket.<init>(Socket.java:211)
	at org.hsqldb.server.HsqlSocketFactory.createSocket(Unknown Source)
	... 38 more

Aug 30, 2016 12:39:27 PM org.simplity.kernel.Tracer trace
INFO: 
java.net.ConnectException: Connection refused: connect
Aug 30, 2016 12:39:27 PM org.simplity.kernel.Tracer trace
INFO: 
java.net.ConnectException: Connection refused: connect
Aug 30, 2016 12:39:27 PM org.simplity.kernel.Tracer trace
INFO: 
java.net.ConnectException: Connection refused: connect
]]></system-err>
  </testcase>
  <testcase name="LogicTest" classname="org.simplity.service.test.ActionsWithDBIT" time="1.021">
    <error message="java.net.ConnectException: Connection refused: connect&#10;java.net.ConnectException: Connection refused: connect&#10;Connection refused: connect&#10;" type="org.simplity.kernel.ApplicationError">org.simplity.kernel.ApplicationError: 
java.net.ConnectException: Connection refused: connect
java.net.ConnectException: Connection refused: connect
Connection refused: connect

	at org.simplity.service.test.ActionsWithDBIT.setUp(ActionsWithDBIT.java:94)
</error>
    <system-err><![CDATA[Aug 30, 2016 12:39:27 PM org.simplity.kernel.Tracer trace
INFO: 
component folder set to resources/comp/
Aug 30, 2016 12:39:27 PM org.simplity.kernel.Tracer trace
INFO: 
Going to load a component from resources/comp/applicationWithDB.xml
Aug 30, 2016 12:39:27 PM org.simplity.kernel.Tracer trace
INFO: 
dbVendor is set to HSQLDB
Aug 30, 2016 12:39:27 PM org.simplity.kernel.Tracer trace
INFO: 
Driver class name org.hsqldb.jdbc.JDBCDriver invoked successfully
Aug 30, 2016 12:39:28 PM org.simplity.kernel.Tracer trace
INFO: 
 Database set up using connection string failed after successfully setting the driver jdbc:hsqldb:hsql://localhost/memory:classicmodels
Aug 30, 2016 12:39:28 PM org.simplity.kernel.Tracer trace
INFO: 
java.sql.SQLTransientConnectionException: java.net.ConnectException: Connection refused: connect
	at org.hsqldb.jdbc.JDBCUtil.sqlException(Unknown Source)
	at org.hsqldb.jdbc.JDBCUtil.sqlException(Unknown Source)
	at org.hsqldb.jdbc.JDBCConnection.<init>(Unknown Source)
	at org.hsqldb.jdbc.JDBCDriver.getConnection(Unknown Source)
	at org.hsqldb.jdbc.JDBCDriver.connect(Unknown Source)
	at java.sql.DriverManager.getConnection(DriverManager.java:664)
	at java.sql.DriverManager.getConnection(DriverManager.java:270)
	at org.simplity.kernel.db.DbDriver.setConnection(DbDriver.java:360)
	at org.simplity.kernel.db.DbDriver.initialSetup(DbDriver.java:304)
	at org.simplity.kernel.Application.configure(Application.java:199)
	at org.simplity.service.test.ActionsWithDBIT.setUp(ActionsWithDBIT.java:94)
	at sun.reflect.NativeMethodAccessorImpl.invoke0(Native Method)
	at sun.reflect.NativeMethodAccessorImpl.invoke(NativeMethodAccessorImpl.java:62)
	at sun.reflect.DelegatingMethodAccessorImpl.invoke(DelegatingMethodAccessorImpl.java:43)
	at java.lang.reflect.Method.invoke(Method.java:497)
	at org.junit.runners.model.FrameworkMethod$1.runReflectiveCall(FrameworkMethod.java:45)
	at org.junit.internal.runners.model.ReflectiveCallable.run(ReflectiveCallable.java:15)
	at org.junit.runners.model.FrameworkMethod.invokeExplosively(FrameworkMethod.java:42)
	at org.junit.internal.runners.statements.RunBefores.evaluate(RunBefores.java:27)
	at org.junit.rules.ExpectedException$ExpectedExceptionStatement.evaluate(ExpectedException.java:110)
	at org.junit.rules.RunRules.evaluate(RunRules.java:18)
	at org.junit.runners.ParentRunner.runLeaf(ParentRunner.java:263)
	at org.junit.runners.BlockJUnit4ClassRunner.runChild(BlockJUnit4ClassRunner.java:68)
	at org.junit.runners.BlockJUnit4ClassRunner.runChild(BlockJUnit4ClassRunner.java:47)
	at org.junit.runners.ParentRunner$3.run(ParentRunner.java:231)
	at org.junit.runners.ParentRunner$1.schedule(ParentRunner.java:60)
	at org.junit.runners.ParentRunner.runChildren(ParentRunner.java:229)
	at org.junit.runners.ParentRunner.access$000(ParentRunner.java:50)
	at org.junit.runners.ParentRunner$2.evaluate(ParentRunner.java:222)
	at org.junit.runners.ParentRunner.run(ParentRunner.java:300)
	at org.apache.maven.surefire.junit4.JUnit4Provider.execute(JUnit4Provider.java:367)
	at org.apache.maven.surefire.junit4.JUnit4Provider.executeWithRerun(JUnit4Provider.java:274)
	at org.apache.maven.surefire.junit4.JUnit4Provider.executeTestSet(JUnit4Provider.java:238)
	at org.apache.maven.surefire.junit4.JUnit4Provider.invoke(JUnit4Provider.java:161)
	at org.apache.maven.surefire.booter.ForkedBooter.invokeProviderInSameClassLoader(ForkedBooter.java:290)
	at org.apache.maven.surefire.booter.ForkedBooter.runSuitesInProcess(ForkedBooter.java:242)
	at org.apache.maven.surefire.booter.ForkedBooter.main(ForkedBooter.java:121)
Caused by: org.hsqldb.HsqlException: java.net.ConnectException: Connection refused: connect
	at org.hsqldb.ClientConnection.openConnection(Unknown Source)
	at org.hsqldb.ClientConnection.initConnection(Unknown Source)
	at org.hsqldb.ClientConnection.<init>(Unknown Source)
	... 35 more
Caused by: java.net.ConnectException: Connection refused: connect
	at java.net.DualStackPlainSocketImpl.connect0(Native Method)
	at java.net.DualStackPlainSocketImpl.socketConnect(DualStackPlainSocketImpl.java:79)
	at java.net.AbstractPlainSocketImpl.doConnect(AbstractPlainSocketImpl.java:350)
	at java.net.AbstractPlainSocketImpl.connectToAddress(AbstractPlainSocketImpl.java:206)
	at java.net.AbstractPlainSocketImpl.connect(AbstractPlainSocketImpl.java:188)
	at java.net.PlainSocketImpl.connect(PlainSocketImpl.java:172)
	at java.net.SocksSocketImpl.connect(SocksSocketImpl.java:392)
	at java.net.Socket.connect(Socket.java:589)
	at java.net.Socket.connect(Socket.java:538)
	at java.net.Socket.<init>(Socket.java:434)
	at java.net.Socket.<init>(Socket.java:211)
	at org.hsqldb.server.HsqlSocketFactory.createSocket(Unknown Source)
	... 38 more

Aug 30, 2016 12:39:28 PM org.simplity.kernel.Tracer trace
INFO: 
java.net.ConnectException: Connection refused: connect
Aug 30, 2016 12:39:28 PM org.simplity.kernel.Tracer trace
INFO: 
java.net.ConnectException: Connection refused: connect
Aug 30, 2016 12:39:28 PM org.simplity.kernel.Tracer trace
INFO: 
java.net.ConnectException: Connection refused: connect
]]></system-err>
  </testcase>
</testsuite>